# JRE version: Java(TM) SE Runtime Environment (8.0_112-b15) (build 1.8.0_112-b15)
# Java VM: Java HotSpot(TM) 64-Bit Server VM (25.112-b15 mixed mode linux-amd64 compressed oops)
Heap:
 PSYoungGen      total 647680K, used 384787K [0x000000076d200000, 0x00000007a2680000, 0x00000007c0000000)
  eden space 617472K, 57% used [0x000000076d200000,0x0000000782c473b8,0x0000000792d00000)
  from space 30208K, 99% used [0x0000000792d00000,0x0000000794a7dc10,0x0000000794a80000)
  to   space 44544K, 0% used [0x000000079fb00000,0x000000079fb00000,0x00000007a2680000)
 ParOldGen       total 195072K, used 59716K [0x00000006c7600000, 0x00000006d3480000, 0x000000076d200000)
  object space 195072K, 30% used [0x00000006c7600000,0x00000006cb0513b0,0x00000006d3480000)
 Metaspace       used 48533K, capacity 49644K, committed 49960K, reserved 1093632K
  class space    used 5847K, capacity 6120K, committed 6192K, reserved 1048576K
GC Heap History (10 events):
Event: 5.925 GC heap before
{Heap before GC invocations=7 (full 1):
 PSYoungGen      total 268288K, used 268283K [0x000000076d200000, 0x0000000789d80000, 0x00000007c0000000)
  eden space 258048K, 100% used [0x000000076d200000,0x000000077ce00000,0x000000077ce00000)
  from space 10240K, 99% used [0x000000077ce00000,0x000000077d7fec40,0x000000077d800000)
  to   space 34816K, 0% used [0x0000000787b80000,0x0000000787b80000,0x0000000789d80000)
 ParOldGen       total 124416K, used 43548K [0x00000006c7600000, 0x00000006cef80000, 0x000000076d200000)
  object space 124416K, 35% used [0x00000006c7600000,0x00000006ca0870c8,0x00000006cef80000)
 Metaspace       used 28760K, capacity 29122K, committed 29488K, reserved 1075200K
  class space    used 3438K, capacity 3543K, committed 3632K, reserved 1048576K
Event: 5.969 GC heap after
Heap after GC invocations=7 (full 1):
 PSYoungGen      total 438272K, used 17238K [0x000000076d200000, 0x000000078a200000, 0x00000007c0000000)
  eden space 403456K, 0% used [0x000000076d200000,0x000000076d200000,0x0000000785c00000)
  from space 34816K, 49% used [0x0000000787b80000,0x0000000788c55928,0x0000000789d80000)
  to   space 32256K, 0% used [0x0000000785c00000,0x0000000785c00000,0x0000000787b80000)
 ParOldGen       total 124416K, used 43556K [0x00000006c7600000, 0x00000006cef80000, 0x000000076d200000)
  object space 124416K, 35% used [0x00000006c7600000,0x00000006ca0890c8,0x00000006cef80000)
 Metaspace       used 28760K, capacity 29122K, committed 29488K, reserved 1075200K
  class space    used 3438K, capacity 3543K, committed 3632K, reserved 1048576K
}
Event: 7.347 GC heap before
{Heap before GC invocations=8 (full 1):
 PSYoungGen      total 438272K, used 391533K [0x000000076d200000, 0x000000078a200000, 0x00000007c0000000)
  eden space 403456K, 92% used [0x000000076d200000,0x0000000783f85d98,0x0000000785c00000)
  from space 34816K, 49% used [0x0000000787b80000,0x0000000788c55928,0x0000000789d80000)
  to   space 32256K, 0% used [0x0000000785c00000,0x0000000785c00000,0x0000000787b80000)
 ParOldGen       total 124416K, used 43556K [0x00000006c7600000, 0x00000006cef80000, 0x000000076d200000)
  object space 124416K, 35% used [0x00000006c7600000,0x00000006ca0890c8,0x00000006cef80000)
 Metaspace       used 34751K, capacity 35162K, committed 35496K, reserved 1081344K
  class space    used 4146K, capacity 4235K, committed 4272K, reserved 1048576K
Event: 7.371 GC heap after
Heap after GC invocations=8 (full 1):
 PSYoungGen      total 435712K, used 15338K [0x000000076d200000, 0x0000000797780000, 0x00000007c0000000)
  eden space 403456K, 0% used [0x000000076d200000,0x000000076d200000,0x0000000785c00000)
  from space 32256K, 47% used [0x0000000785c00000,0x0000000786afa968,0x0000000787b80000)
  to   space 30720K, 0% used [0x0000000795980000,0x0000000795980000,0x0000000797780000)
 ParOldGen       total 124416K, used 43564K [0x00000006c7600000, 0x00000006cef80000, 0x000000076d200000)
  object space 124416K, 35% used [0x00000006c7600000,0x00000006ca08b0c8,0x00000006cef80000)
 Metaspace       used 34751K, capacity 35162K, committed 35496K, reserved 1081344K
  class space    used 4146K, capacity 4235K, committed 4272K, reserved 1048576K
}
Event: 7.371 GC heap before
{Heap before GC invocations=9 (full 2):
 PSYoungGen      total 435712K, used 15338K [0x000000076d200000, 0x0000000797780000, 0x00000007c0000000)
  eden space 403456K, 0% used [0x000000076d200000,0x000000076d200000,0x0000000785c00000)
  from space 32256K, 47% used [0x0000000785c00000,0x0000000786afa968,0x0000000787b80000)
  to   space 30720K, 0% used [0x0000000795980000,0x0000000795980000,0x0000000797780000)
 ParOldGen       total 124416K, used 43564K [0x00000006c7600000, 0x00000006cef80000, 0x000000076d200000)
  object space 124416K, 35% used [0x00000006c7600000,0x00000006ca08b0c8,0x00000006cef80000)
 Metaspace       used 34751K, capacity 35162K, committed 35496K, reserved 1081344K
  class space    used 4146K, capacity 4235K, committed 4272K, reserved 1048576K
Event: 7.477 GC heap after
Heap after GC invocations=9 (full 2):
 PSYoungGen      total 435712K, used 0K [0x000000076d200000, 0x0000000797780000, 0x00000007c0000000)
  eden space 403456K, 0% used [0x000000076d200000,0x000000076d200000,0x0000000785c00000)
  from space 32256K, 0% used [0x0000000785c00000,0x0000000785c00000,0x0000000787b80000)
  to   space 30720K, 0% used [0x0000000795980000,0x0000000795980000,0x0000000797780000)
 ParOldGen       total 195072K, used 33215K [0x00000006c7600000, 0x00000006d3480000, 0x000000076d200000)
  object space 195072K, 17% used [0x00000006c7600000,0x00000006c966ff28,0x00000006d3480000)
 Metaspace       used 34751K, capacity 35162K, committed 35496K, reserved 1081344K
  class space    used 4146K, capacity 4235K, committed 4272K, reserved 1048576K
}
Event: 9.781 GC heap before
{Heap before GC invocations=10 (full 2):
 PSYoungGen      total 435712K, used 403456K [0x000000076d200000, 0x0000000797780000, 0x00000007c0000000)
  eden space 403456K, 100% used [0x000000076d200000,0x0000000785c00000,0x0000000785c00000)
  from space 32256K, 0% used [0x0000000785c00000,0x0000000785c00000,0x0000000787b80000)
  to   space 30720K, 0% used [0x0000000795980000,0x0000000795980000,0x0000000797780000)
 ParOldGen       total 195072K, used 33215K [0x00000006c7600000, 0x00000006d3480000, 0x000000076d200000)
  object space 195072K, 17% used [0x00000006c7600000,0x00000006c966ff28,0x00000006d3480000)
 Metaspace       used 45668K, capacity 46332K, committed 46504K, reserved 1089536K
  class space    used 5601K, capacity 5759K, committed 5808K, reserved 1048576K
Event: 9.799 GC heap after
Heap after GC invocations=10 (full 2):
 PSYoungGen      total 614400K, used 14345K [0x000000076d200000, 0x0000000796800000, 0x00000007c0000000)
  eden space 599552K, 0% used [0x000000076d200000,0x000000076d200000,0x0000000791b80000)
  from space 14848K, 96% used [0x0000000795980000,0x0000000796782598,0x0000000796800000)
  to   space 30208K, 0% used [0x0000000792d00000,0x0000000792d00000,0x0000000794a80000)
 ParOldGen       total 195072K, used 33238K [0x00000006c7600000, 0x00000006d3480000, 0x000000076d200000)
  object space 195072K, 17% used [0x00000006c7600000,0x00000006c9675b88,0x00000006d3480000)
 Metaspace       used 45668K, capacity 46332K, committed 46504K, reserved 1089536K
  class space    used 5601K, capacity 5759K, committed 5808K, reserved 1048576K
}
Event: 12.525 GC heap before
{Heap before GC invocations=11 (full 2):
 PSYoungGen      total 614400K, used 613897K [0x000000076d200000, 0x0000000796800000, 0x00000007c0000000)
  eden space 599552K, 100% used [0x000000076d200000,0x0000000791b80000,0x0000000791b80000)
  from space 14848K, 96% used [0x0000000795980000,0x0000000796782598,0x0000000796800000)
  to   space 30208K, 0% used [0x0000000792d00000,0x0000000792d00000,0x0000000794a80000)
 ParOldGen       total 195072K, used 33238K [0x00000006c7600000, 0x00000006d3480000, 0x000000076d200000)
  object space 195072K, 17% used [0x00000006c7600000,0x00000006c9675b88,0x00000006d3480000)
 Metaspace       used 47010K, capacity 47750K, committed 47912K, reserved 1091584K
  class space    used 5728K, capacity 5915K, committed 5936K, reserved 1048576K
Event: 12.603 GC heap after
Heap after GC invocations=11 (full 2):
 PSYoungGen      total 647680K, used 30199K [0x000000076d200000, 0x00000007a2680000, 0x00000007c0000000)
  eden space 617472K, 0% used [0x000000076d200000,0x000000076d200000,0x0000000792d00000)
  from space 30208K, 99% used [0x0000000792d00000,0x0000000794a7dc10,0x0000000794a80000)
  to   space 44544K, 0% used [0x000000079fb00000,0x000000079fb00000,0x00000007a2680000)
 ParOldGen       total 195072K, used 59716K [0x00000006c7600000, 0x00000006d3480000, 0x000000076d200000)
  object space 195072K, 30% used [0x00000006c7600000,0x00000006cb0513b0,0x00000006d3480000)
 Metaspace       used 47010K, capacity 47750K, committed 47912K, reserved 1091584K
  class space    used 5728K, capacity 5915K, committed 5936K, reserved 1048576K
}

